<?xml version="1.0" encoding="UTF-8"?>
<robot generator="Robot 6.1 (Python 3.11.4 on win32)" generated="20230726 16:12:07.424" rpa="false" schemaversion="4">
<suite id="s1" name="Challenge Robotframework" source="C:\project_automation-test\challenge_robotframework">
<suite id="s1-s1" name="Test Login Rf" source="C:\project_automation-test\challenge_robotframework\test_login_rf.robot">
<test id="s1-s1-t1" name="ADD NEW PLAYER - CLEAR FORM" line="115">
<kw name="Open login page">
<kw name="Open Browser" library="SeleniumLibrary">
<arg>${LOGIN URL}</arg>
<arg>${BROWSER}</arg>
<doc>Opens a new browser instance to the optional ``url``.</doc>
<msg timestamp="20230726 16:12:07.605" level="INFO">Opening browser 'Chrome' to base url 'https://scouts-test.futbolkolektyw.pl/en/login'.</msg>
<status status="PASS" starttime="20230726 16:12:07.604" endtime="20230726 16:12:10.200"/>
</kw>
<kw name="Title Should Be" library="SeleniumLibrary">
<arg>Scouts panel - sign in</arg>
<doc>Verifies that the current page title equals ``title``.</doc>
<msg timestamp="20230726 16:12:10.211" level="INFO">Page title is 'Scouts panel - sign in'.</msg>
<status status="PASS" starttime="20230726 16:12:10.200" endtime="20230726 16:12:10.212"/>
</kw>
<status status="PASS" starttime="20230726 16:12:07.604" endtime="20230726 16:12:10.212"/>
</kw>
<kw name="Type in login">
<kw name="Input Text" library="SeleniumLibrary">
<arg>${LOGIN FIELD}</arg>
<arg>user09@getnada.com</arg>
<doc>Types the given ``text`` into the text field identified by ``locator``.</doc>
<msg timestamp="20230726 16:12:10.214" level="INFO">Typing text 'user09@getnada.com' into text field 'xpath=//*[@id='login']'.</msg>
<status status="PASS" starttime="20230726 16:12:10.213" endtime="20230726 16:12:10.444"/>
</kw>
<status status="PASS" starttime="20230726 16:12:10.212" endtime="20230726 16:12:10.444"/>
</kw>
<kw name="Type in password valid">
<kw name="Input Text" library="SeleniumLibrary">
<arg>${PASSWORD FIELD}</arg>
<arg>Test-1234</arg>
<doc>Types the given ``text`` into the text field identified by ``locator``.</doc>
<msg timestamp="20230726 16:12:10.446" level="INFO">Typing text 'Test-1234' into text field 'xpath=//*[@id='password']'.</msg>
<status status="PASS" starttime="20230726 16:12:10.445" endtime="20230726 16:12:10.605"/>
</kw>
<status status="PASS" starttime="20230726 16:12:10.445" endtime="20230726 16:12:10.605"/>
</kw>
<kw name="Click on the sign in button">
<kw name="Click Element" library="SeleniumLibrary">
<arg>${SIGNIN BUTTON}</arg>
<doc>Click the element identified by ``locator``.</doc>
<msg timestamp="20230726 16:12:10.606" level="INFO">Clicking element 'xpath=//button[@type='submit']'.</msg>
<status status="PASS" starttime="20230726 16:12:10.606" endtime="20230726 16:12:10.685"/>
</kw>
<status status="PASS" starttime="20230726 16:12:10.605" endtime="20230726 16:12:10.685"/>
</kw>
<kw name="Open dashboard page">
<kw name="Wait Until Element Is Visible" library="SeleniumLibrary">
<arg>${PANEL LOGO}</arg>
<doc>Waits until the element ``locator`` is visible.</doc>
<status status="PASS" starttime="20230726 16:12:10.686" endtime="20230726 16:12:11.787"/>
</kw>
<status status="PASS" starttime="20230726 16:12:10.685" endtime="20230726 16:12:11.787"/>
</kw>
<kw name="Click on the add player button">
<kw name="Click Element" library="SeleniumLibrary">
<arg>${ADD PLAYER BUTTON}</arg>
<doc>Click the element identified by ``locator``.</doc>
<msg timestamp="20230726 16:12:11.789" level="INFO">Clicking element 'xpath=//*[text()='Add player']'.</msg>
<status status="PASS" starttime="20230726 16:12:11.788" endtime="20230726 16:12:11.851"/>
</kw>
<status status="PASS" starttime="20230726 16:12:11.788" endtime="20230726 16:12:11.851"/>
</kw>
<kw name="Open addplayer page">
<kw name="Wait Until Element Is Visible" library="SeleniumLibrary">
<arg>${PLAYER EMAIL FIELD}</arg>
<doc>Waits until the element ``locator`` is visible.</doc>
<status status="PASS" starttime="20230726 16:12:11.852" endtime="20230726 16:12:11.970"/>
</kw>
<status status="PASS" starttime="20230726 16:12:11.852" endtime="20230726 16:12:11.970"/>
</kw>
<kw name="Type in player email">
<kw name="Input Text" library="SeleniumLibrary">
<arg>${PLAYER EMAIL FIELD}</arg>
<arg>johnny@challenge.com</arg>
<doc>Types the given ``text`` into the text field identified by ``locator``.</doc>
<msg timestamp="20230726 16:12:11.971" level="INFO">Typing text 'johnny@challenge.com' into text field 'xpath=//*[@name='email']'.</msg>
<status status="PASS" starttime="20230726 16:12:11.971" endtime="20230726 16:12:12.142"/>
</kw>
<status status="PASS" starttime="20230726 16:12:11.970" endtime="20230726 16:12:12.142"/>
</kw>
<kw name="Type in name">
<kw name="Input Text" library="SeleniumLibrary">
<arg>${NAME FIELD}</arg>
<arg>Johnny</arg>
<doc>Types the given ``text`` into the text field identified by ``locator``.</doc>
<msg timestamp="20230726 16:12:12.143" level="INFO">Typing text 'Johnny' into text field 'xpath=//*[@name='name']'.</msg>
<status status="PASS" starttime="20230726 16:12:12.143" endtime="20230726 16:12:12.287"/>
</kw>
<status status="PASS" starttime="20230726 16:12:12.142" endtime="20230726 16:12:12.287"/>
</kw>
<kw name="Type in surname">
<kw name="Input Text" library="SeleniumLibrary">
<arg>${SURNAME FIELD}</arg>
<arg>TheBest</arg>
<doc>Types the given ``text`` into the text field identified by ``locator``.</doc>
<msg timestamp="20230726 16:12:12.288" level="INFO">Typing text 'TheBest' into text field 'xpath=//*[@name='surname']'.</msg>
<status status="PASS" starttime="20230726 16:12:12.288" endtime="20230726 16:12:12.442"/>
</kw>
<status status="PASS" starttime="20230726 16:12:12.288" endtime="20230726 16:12:12.442"/>
</kw>
<kw name="Type in phone">
<kw name="Input Text" library="SeleniumLibrary">
<arg>${PHONE FIELD}</arg>
<arg>909707505</arg>
<doc>Types the given ``text`` into the text field identified by ``locator``.</doc>
<msg timestamp="20230726 16:12:12.444" level="INFO">Typing text '909707505' into text field 'xpath=//*[@name='phone']'.</msg>
<status status="PASS" starttime="20230726 16:12:12.443" endtime="20230726 16:12:12.593"/>
</kw>
<status status="PASS" starttime="20230726 16:12:12.443" endtime="20230726 16:12:12.593"/>
</kw>
<kw name="Type in weight">
<kw name="Input Text" library="SeleniumLibrary">
<arg>${WEIGHT FIELD}</arg>
<arg>189</arg>
<doc>Types the given ``text`` into the text field identified by ``locator``.</doc>
<msg timestamp="20230726 16:12:12.594" level="INFO">Typing text '189' into text field 'xpath=//*[@name='weight']'.</msg>
<status status="PASS" starttime="20230726 16:12:12.594" endtime="20230726 16:12:12.725"/>
</kw>
<status status="PASS" starttime="20230726 16:12:12.594" endtime="20230726 16:12:12.725"/>
</kw>
<kw name="Type in height">
<kw name="Input Text" library="SeleniumLibrary">
<arg>${HEIGHT FIELD}</arg>
<arg>83</arg>
<doc>Types the given ``text`` into the text field identified by ``locator``.</doc>
<msg timestamp="20230726 16:12:12.727" level="INFO">Typing text '83' into text field 'xpath=//*[@name='height']'.</msg>
<status status="PASS" starttime="20230726 16:12:12.726" endtime="20230726 16:12:12.858"/>
</kw>
<status status="PASS" starttime="20230726 16:12:12.725" endtime="20230726 16:12:12.858"/>
</kw>
<kw name="Type in age">
<kw name="Input Text" library="SeleniumLibrary">
<arg>${AGE FIELD}</arg>
<arg>15112001</arg>
<doc>Types the given ``text`` into the text field identified by ``locator``.</doc>
<msg timestamp="20230726 16:12:12.859" level="INFO">Typing text '15112001' into text field 'xpath=//*[@name='age']'.</msg>
<status status="PASS" starttime="20230726 16:12:12.859" endtime="20230726 16:12:13.002"/>
</kw>
<status status="PASS" starttime="20230726 16:12:12.858" endtime="20230726 16:12:13.002"/>
</kw>
<kw name="Click on the leg button">
<kw name="Click Element" library="SeleniumLibrary">
<arg>${LEG BUTTON}</arg>
<doc>Click the element identified by ``locator``.</doc>
<msg timestamp="20230726 16:12:13.004" level="INFO">Clicking element 'xpath=//*[@id='mui-component-select-leg']'.</msg>
<status status="PASS" starttime="20230726 16:12:13.003" endtime="20230726 16:12:13.085"/>
</kw>
<status status="PASS" starttime="20230726 16:12:13.003" endtime="20230726 16:12:13.085"/>
</kw>
<kw name="Click on the right leg">
<kw name="Click Element" library="SeleniumLibrary">
<arg>${RIGHT LEG}</arg>
<doc>Click the element identified by ``locator``.</doc>
<msg timestamp="20230726 16:12:13.087" level="INFO">Clicking element 'xpath=//*[@id='menu-leg']/div[3]/ul/li[1]'.</msg>
<status status="PASS" starttime="20230726 16:12:13.086" endtime="20230726 16:12:13.162"/>
</kw>
<status status="PASS" starttime="20230726 16:12:13.086" endtime="20230726 16:12:13.162"/>
</kw>
<kw name="Type in Club">
<kw name="Input Text" library="SeleniumLibrary">
<arg>${CLUB FIELD}</arg>
<arg>Manchester</arg>
<doc>Types the given ``text`` into the text field identified by ``locator``.</doc>
<msg timestamp="20230726 16:12:13.164" level="INFO">Typing text 'Manchester' into text field 'xpath=//*[@name='club']'.</msg>
<status status="PASS" starttime="20230726 16:12:13.163" endtime="20230726 16:12:13.327"/>
</kw>
<status status="PASS" starttime="20230726 16:12:13.163" endtime="20230726 16:12:13.328"/>
</kw>
<kw name="Type in level">
<kw name="Input Text" library="SeleniumLibrary">
<arg>${LEVEL FIELD}</arg>
<arg>Advance</arg>
<doc>Types the given ``text`` into the text field identified by ``locator``.</doc>
<msg timestamp="20230726 16:12:13.329" level="INFO">Typing text 'Advance' into text field 'xpath=//*[@name='level']'.</msg>
<status status="PASS" starttime="20230726 16:12:13.329" endtime="20230726 16:12:13.487"/>
</kw>
<status status="PASS" starttime="20230726 16:12:13.328" endtime="20230726 16:12:13.488"/>
</kw>
<kw name="Type in main position">
<kw name="Input Text" library="SeleniumLibrary">
<arg>${MAIN POSITION}</arg>
<arg>Goalkeeper</arg>
<doc>Types the given ``text`` into the text field identified by ``locator``.</doc>
<msg timestamp="20230726 16:12:13.489" level="INFO">Typing text 'Goalkeeper' into text field 'xpath=//*[@name='mainPosition']'.</msg>
<status status="PASS" starttime="20230726 16:12:13.488" endtime="20230726 16:12:13.641"/>
</kw>
<status status="PASS" starttime="20230726 16:12:13.488" endtime="20230726 16:12:13.641"/>
</kw>
<kw name="Type in second position">
<kw name="Input Text" library="SeleniumLibrary">
<arg>${SECOND POSITION}</arg>
<arg>Defender</arg>
<doc>Types the given ``text`` into the text field identified by ``locator``.</doc>
<msg timestamp="20230726 16:12:13.643" level="INFO">Typing text 'Defender' into text field 'xpath=//*[@name='secondPosition']'.</msg>
<status status="PASS" starttime="20230726 16:12:13.642" endtime="20230726 16:12:13.798"/>
</kw>
<status status="PASS" starttime="20230726 16:12:13.642" endtime="20230726 16:12:13.798"/>
</kw>
<kw name="Click on the district button">
<kw name="Click Element" library="SeleniumLibrary">
<arg>${DISTRICT BUTTON}</arg>
<doc>Click the element identified by ``locator``.</doc>
<msg timestamp="20230726 16:12:13.799" level="INFO">Clicking element 'xpath=//*[@id='mui-component-select-district']'.</msg>
<status status="PASS" starttime="20230726 16:12:13.799" endtime="20230726 16:12:13.884"/>
</kw>
<status status="PASS" starttime="20230726 16:12:13.798" endtime="20230726 16:12:13.884"/>
</kw>
<kw name="Click on the name district">
<kw name="Click Element" library="SeleniumLibrary">
<arg>${NAME DISTRICT}</arg>
<doc>Click the element identified by ``locator``.</doc>
<msg timestamp="20230726 16:12:13.886" level="INFO">Clicking element 'xpath=//*[@id='menu-district']/div[3]/ul/li[15]'.</msg>
<status status="PASS" starttime="20230726 16:12:13.886" endtime="20230726 16:12:13.973"/>
</kw>
<status status="PASS" starttime="20230726 16:12:13.885" endtime="20230726 16:12:13.973"/>
</kw>
<kw name="Type in achievements">
<kw name="Input Text" library="SeleniumLibrary">
<arg>${ACHIEVEMENTS FIELD}</arg>
<arg>World Champion</arg>
<doc>Types the given ``text`` into the text field identified by ``locator``.</doc>
<msg timestamp="20230726 16:12:13.975" level="INFO">Typing text 'World Champion' into text field 'xpath=//*[@name='achievements']'.</msg>
<status status="PASS" starttime="20230726 16:12:13.974" endtime="20230726 16:12:14.161"/>
</kw>
<status status="PASS" starttime="20230726 16:12:13.974" endtime="20230726 16:12:14.161"/>
</kw>
<kw name="Click on the add language button">
<kw name="Click Element" library="SeleniumLibrary">
<arg>${ADD LANGUAGE BUTTON}</arg>
<doc>Click the element identified by ``locator``.</doc>
<msg timestamp="20230726 16:12:14.163" level="INFO">Clicking element 'xpath=//*[@id='__next']/div[1]/main/div[2]/form/div[2]/div/div[15]/button'.</msg>
<status status="PASS" starttime="20230726 16:12:14.162" endtime="20230726 16:12:14.382"/>
</kw>
<status status="PASS" starttime="20230726 16:12:14.162" endtime="20230726 16:12:14.382"/>
</kw>
<kw name="Type in first language">
<kw name="Input Text" library="SeleniumLibrary">
<arg>${FIRST LANGUAGE FIELD}</arg>
<arg>English</arg>
<doc>Types the given ``text`` into the text field identified by ``locator``.</doc>
<msg timestamp="20230726 16:12:14.384" level="INFO">Typing text 'English' into text field 'xpath=//*[@name='languages[0]']'.</msg>
<status status="PASS" starttime="20230726 16:12:14.383" endtime="20230726 16:12:14.521"/>
</kw>
<status status="PASS" starttime="20230726 16:12:14.383" endtime="20230726 16:12:14.521"/>
</kw>
<kw name="Click on the add language button">
<kw name="Click Element" library="SeleniumLibrary">
<arg>${ADD LANGUAGE BUTTON}</arg>
<doc>Click the element identified by ``locator``.</doc>
<msg timestamp="20230726 16:12:14.523" level="INFO">Clicking element 'xpath=//*[@id='__next']/div[1]/main/div[2]/form/div[2]/div/div[15]/button'.</msg>
<status status="PASS" starttime="20230726 16:12:14.522" endtime="20230726 16:12:14.593"/>
</kw>
<status status="PASS" starttime="20230726 16:12:14.522" endtime="20230726 16:12:14.593"/>
</kw>
<kw name="Type in second language">
<kw name="Input Text" library="SeleniumLibrary">
<arg>${SECOND LANGUAGE FIELD}</arg>
<arg>Japanese</arg>
<doc>Types the given ``text`` into the text field identified by ``locator``.</doc>
<msg timestamp="20230726 16:12:14.595" level="INFO">Typing text 'Japanese' into text field 'xpath=//*[@name='languages[1]']'.</msg>
<status status="PASS" starttime="20230726 16:12:14.594" endtime="20230726 16:12:14.767"/>
</kw>
<status status="PASS" starttime="20230726 16:12:14.594" endtime="20230726 16:12:14.767"/>
</kw>
<kw name="Click on the clear button">
<kw name="Click Element" library="SeleniumLibrary">
<arg>${CLEAR BUTTON}</arg>
<doc>Click the element identified by ``locator``.</doc>
<msg timestamp="20230726 16:12:14.769" level="INFO">Clicking element 'xpath=//*[@id='__next']/div[1]/main/div[2]/form/div[3]/button[2]'.</msg>
<status status="PASS" starttime="20230726 16:12:14.768" endtime="20230726 16:12:14.861"/>
</kw>
<status status="PASS" starttime="20230726 16:12:14.768" endtime="20230726 16:12:14.861"/>
</kw>
<kw name="Assert required field">
<kw name="Wait Until Element Is Visible" library="SeleniumLibrary">
<arg>${REQUIRED FIELD}</arg>
<doc>Waits until the element ``locator`` is visible.</doc>
<status status="PASS" starttime="20230726 16:12:14.862" endtime="20230726 16:12:14.897"/>
</kw>
<kw name="Title Should Be" library="SeleniumLibrary">
<arg>Add player</arg>
<doc>Verifies that the current page title equals ``title``.</doc>
<msg timestamp="20230726 16:12:14.907" level="INFO">Page title is 'Add player'.</msg>
<status status="PASS" starttime="20230726 16:12:14.897" endtime="20230726 16:12:14.907"/>
</kw>
<kw name="Capture Page Screenshot" library="SeleniumLibrary">
<arg>alert.png</arg>
<doc>Takes a screenshot of the current page and embeds it into a log file.</doc>
<msg timestamp="20230726 16:12:15.063" level="INFO" html="true">&lt;/td&gt;&lt;/tr&gt;&lt;tr&gt;&lt;td colspan="3"&gt;&lt;a href="alert.png"&gt;&lt;img src="alert.png" width="800px"&gt;&lt;/a&gt;</msg>
<status status="PASS" starttime="20230726 16:12:14.907" endtime="20230726 16:12:15.064"/>
</kw>
<status status="PASS" starttime="20230726 16:12:14.862" endtime="20230726 16:12:15.064"/>
</kw>
<kw name="Close Browser" library="SeleniumLibrary" type="TEARDOWN">
<doc>Closes the current browser.</doc>
<status status="PASS" starttime="20230726 16:12:15.065" endtime="20230726 16:12:17.244"/>
</kw>
<status status="PASS" starttime="20230726 16:12:07.603" endtime="20230726 16:12:17.245"/>
</test>
<doc>Suite description #automated tests for scout website</doc>
<status status="PASS" starttime="20230726 16:12:07.445" endtime="20230726 16:12:17.250"/>
</suite>
<status status="PASS" starttime="20230726 16:12:07.426" endtime="20230726 16:12:17.252"/>
</suite>
<statistics>
<total>
<stat pass="1" fail="0" skip="0">All Tests</stat>
</total>
<tag>
</tag>
<suite>
<stat pass="1" fail="0" skip="0" id="s1" name="Challenge Robotframework">Challenge Robotframework</stat>
<stat pass="1" fail="0" skip="0" id="s1-s1" name="Test Login Rf">Challenge Robotframework.Test Login Rf</stat>
</suite>
</statistics>
<errors>
</errors>
</robot>
